Qflow synthesis logfile created on Mon Jun 22 21:35:21 UTC 2026
Running yosys for verilog parsing and synthesis
yosys  -s full_adder.ys

 /----------------------------------------------------------------------------\
 |                                                                            |
 |  yosys -- Yosys Open SYnthesis Suite                                       |
 |                                                                            |
 |  Copyright (C) 2012 - 2020  Claire Xenia Wolf <claire@yosyshq.com>         |
 |                                                                            |
 |  Permission to use, copy, modify, and/or distribute this software for any  |
 |  purpose with or without fee is hereby granted, provided that the above    |
 |  copyright notice and this permission notice appear in all copies.         |
 |                                                                            |
 |  THE SOFTWARE IS PROVIDED "AS IS" AND THE AUTHOR DISCLAIMS ALL WARRANTIES  |
 |  WITH REGARD TO THIS SOFTWARE INCLUDING ALL IMPLIED WARRANTIES OF          |
 |  MERCHANTABILITY AND FITNESS. IN NO EVENT SHALL THE AUTHOR BE LIABLE FOR   |
 |  ANY SPECIAL, DIRECT, INDIRECT, OR CONSEQUENTIAL DAMAGES OR ANY DAMAGES    |
 |  WHATSOEVER RESULTING FROM LOSS OF USE, DATA OR PROFITS, WHETHER IN AN     |
 |  ACTION OF CONTRACT, NEGLIGENCE OR OTHER TORTIOUS ACTION, ARISING OUT OF   |
 |  OR IN CONNECTION WITH THE USE OR PERFORMANCE OF THIS SOFTWARE.            |
 |                                                                            |
 \----------------------------------------------------------------------------/

 Yosys 0.33 (git sha1 2584903a060)


-- Executing script file `full_adder.ys' --

1. Executing Liberty frontend: /usr/local/share/qflow/tech/osu018/osu018_stdcells.lib
Imported 32 cell types from liberty file.

2. Executing Verilog-2005 frontend: /home/shlok/vlsi_tools/adder_project/source/adderg.v
Parsing Verilog input from `/home/shlok/vlsi_tools/adder_project/source/adderg.v' to AST representation.
Generating RTLIL representation for module `\full_adder'.
Successfully finished Verilog frontend.

3. Executing SYNTH pass.

3.1. Executing HIERARCHY pass (managing design hierarchy).

3.1.1. Analyzing design hierarchy..
Top module:  \full_adder

3.1.2. Analyzing design hierarchy..
Top module:  \full_adder
Removed 0 unused modules.

3.2. Executing PROC pass (convert processes to netlists).

3.2.1. Executing PROC_CLEAN pass (remove empty switches from decision trees).
Cleaned up 0 empty switches.

3.2.2. Executing PROC_RMDEAD pass (remove dead branches from decision trees).
Removed a total of 0 dead cases.

3.2.3. Executing PROC_PRUNE pass (remove redundant assignments in processes).
Removed 0 redundant assignments.
Promoted 0 assignments to connections.

3.2.4. Executing PROC_INIT pass (extract init attributes).

3.2.5. Executing PROC_ARST pass (detect async resets in processes).

3.2.6. Executing PROC_ROM pass (convert switches to ROMs).
Converted 0 switches.

3.2.7. Executing PROC_MUX pass (convert decision trees to multiplexers).

3.2.8. Executing PROC_DLATCH pass (convert process syncs to latches).

3.2.9. Executing PROC_DFF pass (convert process syncs to FFs).

3.2.10. Executing PROC_MEMWR pass (convert process memory writes to cells).

3.2.11. Executing PROC_CLEAN pass (remove empty switches from decision trees).
Cleaned up 0 empty switches.

3.2.12. Executing OPT_EXPR pass (perform const folding).
Optimizing module full_adder.

3.3. Executing OPT_EXPR pass (perform const folding).
Optimizing module full_adder.

3.4. Executing OPT_CLEAN pass (remove unused cells and wires).
Finding unused cells or wires in module \full_adder..
Removed 0 unused cells and 2 unused wires.
<suppressed ~1 debug messages>

3.5. Executing CHECK pass (checking for obvious problems).
Checking module full_adder...
Found and reported 0 problems.

3.6. Executing OPT pass (performing simple optimizations).

3.6.1. Executing OPT_EXPR pass (perform const folding).
Optimizing module full_adder.

3.6.2. Executing OPT_MERGE pass (detect identical cells).
Finding identical cells in module `\full_adder'.
Removed a total of 0 cells.

3.6.3. Executing OPT_MUXTREE pass (detect dead branches in mux trees).
Running muxtree optimizer on module \full_adder..
  Creating internal representation of mux trees.
  No muxes found in this module.
Removed 0 multiplexer ports.

3.6.4. Executing OPT_REDUCE pass (consolidate $*mux and $reduce_* inputs).
  Optimizing cells in module \full_adder.
Performed a total of 0 changes.

3.6.5. Executing OPT_MERGE pass (detect identical cells).
Finding identical cells in module `\full_adder'.
Removed a total of 0 cells.

3.6.6. Executing OPT_DFF pass (perform DFF optimizations).

3.6.7. Executing OPT_CLEAN pass (remove unused cells and wires).
Finding unused cells or wires in module \full_adder..

3.6.8. Executing OPT_EXPR pass (perform const folding).
Optimizing module full_adder.

3.6.9. Finished OPT passes. (There is nothing left to do.)

3.7. Executing FSM pass (extract and optimize FSM).

3.7.1. Executing FSM_DETECT pass (finding FSMs in design).

3.7.2. Executing FSM_EXTRACT pass (extracting FSM from design).

3.7.3. Executing FSM_OPT pass (simple optimizations of FSMs).

3.7.4. Executing OPT_CLEAN pass (remove unused cells and wires).
Finding unused cells or wires in module \full_adder..

3.7.5. Executing FSM_OPT pass (simple optimizations of FSMs).

3.7.6. Executing FSM_RECODE pass (re-assigning FSM state encoding).

3.7.7. Executing FSM_INFO pass (dumping all available information on FSM cells).

3.7.8. Executing FSM_MAP pass (mapping FSMs to basic logic).

3.8. Executing OPT pass (performing simple optimizations).

3.8.1. Executing OPT_EXPR pass (perform const folding).
Optimizing module full_adder.

3.8.2. Executing OPT_MERGE pass (detect identical cells).
Finding identical cells in module `\full_adder'.
Removed a total of 0 cells.

3.8.3. Executing OPT_MUXTREE pass (detect dead branches in mux trees).
Running muxtree optimizer on module \full_adder..
  Creating internal representation of mux trees.
  No muxes found in this module.
Removed 0 multiplexer ports.

3.8.4. Executing OPT_REDUCE pass (consolidate $*mux and $reduce_* inputs).
  Optimizing cells in module \full_adder.
Performed a total of 0 changes.

3.8.5. Executing OPT_MERGE pass (detect identical cells).
Finding identical cells in module `\full_adder'.
Removed a total of 0 cells.

3.8.6. Executing OPT_DFF pass (perform DFF optimizations).

3.8.7. Executing OPT_CLEAN pass (remove unused cells and wires).
Finding unused cells or wires in module \full_adder..

3.8.8. Executing OPT_EXPR pass (perform const folding).
Optimizing module full_adder.

3.8.9. Finished OPT passes. (There is nothing left to do.)

3.9. Executing WREDUCE pass (reducing word size of cells).

3.10. Executing PEEPOPT pass (run peephole optimizers).

3.11. Executing OPT_CLEAN pass (remove unused cells and wires).
Finding unused cells or wires in module \full_adder..

3.12. Executing ALUMACC pass (create $alu and $macc cells).
Extracting $alu and $macc cells in module full_adder:
  created 0 $alu and 0 $macc cells.

3.13. Executing SHARE pass (SAT-based resource sharing).

3.14. Executing OPT pass (performing simple optimizations).

3.14.1. Executing OPT_EXPR pass (perform const folding).
Optimizing module full_adder.

3.14.2. Executing OPT_MERGE pass (detect identical cells).
Finding identical cells in module `\full_adder'.
Removed a total of 0 cells.

3.14.3. Executing OPT_MUXTREE pass (detect dead branches in mux trees).
Running muxtree optimizer on module \full_adder..
  Creating internal representation of mux trees.
  No muxes found in this module.
Removed 0 multiplexer ports.

3.14.4. Executing OPT_REDUCE pass (consolidate $*mux and $reduce_* inputs).
  Optimizing cells in module \full_adder.
Performed a total of 0 changes.

3.14.5. Executing OPT_MERGE pass (detect identical cells).
Finding identical cells in module `\full_adder'.
Removed a total of 0 cells.

3.14.6. Executing OPT_DFF pass (perform DFF optimizations).

3.14.7. Executing OPT_CLEAN pass (remove unused cells and wires).
Finding unused cells or wires in module \full_adder..

3.14.8. Executing OPT_EXPR pass (perform const folding).
Optimizing module full_adder.

3.14.9. Finished OPT passes. (There is nothing left to do.)

3.15. Executing MEMORY pass.

3.15.1. Executing OPT_MEM pass (optimize memories).
Performed a total of 0 transformations.

3.15.2. Executing OPT_MEM_PRIORITY pass (removing unnecessary memory write priority relations).
Performed a total of 0 transformations.

3.15.3. Executing OPT_MEM_FEEDBACK pass (finding memory read-to-write feedback paths).

3.15.4. Executing MEMORY_BMUX2ROM pass (converting muxes to ROMs).

3.15.5. Executing MEMORY_DFF pass (merging $dff cells to $memrd).

3.15.6. Executing OPT_CLEAN pass (remove unused cells and wires).
Finding unused cells or wires in module \full_adder..

3.15.7. Executing MEMORY_SHARE pass (consolidating $memrd/$memwr cells).

3.15.8. Executing OPT_MEM_WIDEN pass (optimize memories where all ports are wide).
Performed a total of 0 transformations.

3.15.9. Executing OPT_CLEAN pass (remove unused cells and wires).
Finding unused cells or wires in module \full_adder..

3.15.10. Executing MEMORY_COLLECT pass (generating $mem cells).

3.16. Executing OPT_CLEAN pass (remove unused cells and wires).
Finding unused cells or wires in module \full_adder..

3.17. Executing OPT pass (performing simple optimizations).

3.17.1. Executing OPT_EXPR pass (perform const folding).
Optimizing module full_adder.

3.17.2. Executing OPT_MERGE pass (detect identical cells).
Finding identical cells in module `\full_adder'.
Removed a total of 0 cells.

3.17.3. Executing OPT_DFF pass (perform DFF optimizations).

3.17.4. Executing OPT_CLEAN pass (remove unused cells and wires).
Finding unused cells or wires in module \full_adder..

3.17.5. Finished fast OPT passes.

3.18. Executing MEMORY_MAP pass (converting memories to logic and flip-flops).

3.19. Executing OPT pass (performing simple optimizations).

3.19.1. Executing OPT_EXPR pass (perform const folding).
Optimizing module full_adder.

3.19.2. Executing OPT_MERGE pass (detect identical cells).
Finding identical cells in module `\full_adder'.
Removed a total of 0 cells.

3.19.3. Executing OPT_MUXTREE pass (detect dead branches in mux trees).
Running muxtree optimizer on module \full_adder..
  Creating internal representation of mux trees.
  No muxes found in this module.
Removed 0 multiplexer ports.

3.19.4. Executing OPT_REDUCE pass (consolidate $*mux and $reduce_* inputs).
  Optimizing cells in module \full_adder.
Performed a total of 0 changes.

3.19.5. Executing OPT_MERGE pass (detect identical cells).
Finding identical cells in module `\full_adder'.
Removed a total of 0 cells.

3.19.6. Executing OPT_SHARE pass.

3.19.7. Executing OPT_DFF pass (perform DFF optimizations).

3.19.8. Executing OPT_CLEAN pass (remove unused cells and wires).
Finding unused cells or wires in module \full_adder..

3.19.9. Executing OPT_EXPR pass (perform const folding).
Optimizing module full_adder.

3.19.10. Finished OPT passes. (There is nothing left to do.)

3.20. Executing TECHMAP pass (map to technology primitives).

3.20.1. Executing Verilog-2005 frontend: /usr/bin/../share/yosys/techmap.v
Parsing Verilog input from `/usr/bin/../share/yosys/techmap.v' to AST representation.
Generating RTLIL representation for module `\_90_simplemap_bool_ops'.
Generating RTLIL representation for module `\_90_simplemap_reduce_ops'.
Generating RTLIL representation for module `\_90_simplemap_logic_ops'.
Generating RTLIL representation for module `\_90_simplemap_compare_ops'.
Generating RTLIL representation for module `\_90_simplemap_various'.
Generating RTLIL representation for module `\_90_simplemap_registers'.
Generating RTLIL representation for module `\_90_shift_ops_shr_shl_sshl_sshr'.
Generating RTLIL representation for module `\_90_shift_shiftx'.
Generating RTLIL representation for module `\_90_fa'.
Generating RTLIL representation for module `\_90_lcu'.
Generating RTLIL representation for module `\_90_alu'.
Generating RTLIL representation for module `\_90_macc'.
Generating RTLIL representation for module `\_90_alumacc'.
Generating RTLIL representation for module `\$__div_mod_u'.
Generating RTLIL representation for module `\$__div_mod_trunc'.
Generating RTLIL representation for module `\_90_div'.
Generating RTLIL representation for module `\_90_mod'.
Generating RTLIL representation for module `\$__div_mod_floor'.
Generating RTLIL representation for module `\_90_divfloor'.
Generating RTLIL representation for module `\_90_modfloor'.
Generating RTLIL representation for module `\_90_pow'.
Generating RTLIL representation for module `\_90_pmux'.
Generating RTLIL representation for module `\_90_demux'.
Generating RTLIL representation for module `\_90_lut'.
Successfully finished Verilog frontend.

3.20.2. Continuing TECHMAP pass.
Using extmapper simplemap for cells of type $xor.
Using extmapper simplemap for cells of type $and.
Using extmapper simplemap for cells of type $or.
No more expansions possible.
<suppressed ~80 debug messages>

3.21. Executing OPT pass (performing simple optimizations).

3.21.1. Executing OPT_EXPR pass (perform const folding).
Optimizing module full_adder.

3.21.2. Executing OPT_MERGE pass (detect identical cells).
Finding identical cells in module `\full_adder'.
Removed a total of 0 cells.

3.21.3. Executing OPT_DFF pass (perform DFF optimizations).

3.21.4. Executing OPT_CLEAN pass (remove unused cells and wires).
Finding unused cells or wires in module \full_adder..

3.21.5. Finished fast OPT passes.

3.22. Executing ABC pass (technology mapping using ABC).

3.22.1. Extracting gate netlist of module `\full_adder' to `<abc-temp-dir>/input.blif'..
Extracted 7 gates and 10 wires to a netlist network with 3 inputs and 2 outputs.

3.22.1.1. Executing ABC.
Running ABC command: "<yosys-exe-dir>/yosys-abc" -s -f <abc-temp-dir>/abc.script 2>&1
ABC: ABC command line: "source <abc-temp-dir>/abc.script".
ABC: 
ABC: + read_blif <abc-temp-dir>/input.blif 
ABC: + read_library <abc-temp-dir>/stdcells.genlib 
ABC: Entered genlib library with 13 gates from file "<abc-temp-dir>/stdcells.genlib".
ABC: + strash 
ABC: + dretime 
ABC: + map 
ABC: + write_blif <abc-temp-dir>/output.blif 

3.22.1.2. Re-integrating ABC results.
ABC RESULTS:               XOR cells:        2
ABC RESULTS:               AND cells:        3
ABC RESULTS:                OR cells:        2
ABC RESULTS:        internal signals:        5
ABC RESULTS:           input signals:        3
ABC RESULTS:          output signals:        2
Removing temp directory.

3.23. Executing OPT pass (performing simple optimizations).

3.23.1. Executing OPT_EXPR pass (perform const folding).
Optimizing module full_adder.

3.23.2. Executing OPT_MERGE pass (detect identical cells).
Finding identical cells in module `\full_adder'.
Removed a total of 0 cells.

3.23.3. Executing OPT_DFF pass (perform DFF optimizations).

3.23.4. Executing OPT_CLEAN pass (remove unused cells and wires).
Finding unused cells or wires in module \full_adder..
Removed 0 unused cells and 10 unused wires.
<suppressed ~1 debug messages>

3.23.5. Finished fast OPT passes.

3.24. Executing HIERARCHY pass (managing design hierarchy).

3.24.1. Analyzing design hierarchy..
Top module:  \full_adder

3.24.2. Analyzing design hierarchy..
Top module:  \full_adder
Removed 0 unused modules.

3.25. Printing statistics.

=== full_adder ===

   Number of wires:                 10
   Number of wire bits:             10
   Number of public wires:           5
   Number of public wire bits:       5
   Number of memories:               0
   Number of memory bits:            0
   Number of processes:              0
   Number of cells:                  7
     $_AND_                          3
     $_OR_                           2
     $_XOR_                          2

3.26. Executing CHECK pass (checking for obvious problems).
Checking module full_adder...
Found and reported 0 problems.

4. Executing DFFLIBMAP pass (mapping DFF cells to sequential cells from liberty file).
  cell DFFNEGX1 (noninv, pins=3, area=96.00) is a direct match for cell type $_DFF_N_.
  cell DFFPOSX1 (noninv, pins=3, area=96.00) is a direct match for cell type $_DFF_P_.
  cell DFFSR (noninv, pins=5, area=176.00) is a direct match for cell type $_DFFSR_PNN_.
  final dff cell mappings:
    \DFFNEGX1 _DFF_N_ (.CLK( C), .D( D), .Q( Q));
    \DFFPOSX1 _DFF_P_ (.CLK( C), .D( D), .Q( Q));
    unmapped dff cell: $_DFF_NN0_
    unmapped dff cell: $_DFF_NN1_
    unmapped dff cell: $_DFF_NP0_
    unmapped dff cell: $_DFF_NP1_
    unmapped dff cell: $_DFF_PN0_
    unmapped dff cell: $_DFF_PN1_
    unmapped dff cell: $_DFF_PP0_
    unmapped dff cell: $_DFF_PP1_
    unmapped dff cell: $_DFFSR_NNN_
    unmapped dff cell: $_DFFSR_NNP_
    unmapped dff cell: $_DFFSR_NPN_
    unmapped dff cell: $_DFFSR_NPP_
    \DFFSR _DFFSR_PNN_ (.CLK( C), .D( D), .Q( Q), .R( R), .S( S));
    unmapped dff cell: $_DFFSR_PNP_
    unmapped dff cell: $_DFFSR_PPN_
    unmapped dff cell: $_DFFSR_PPP_

4.1. Executing DFFLEGALIZE pass (convert FFs to types supported by the target).
Mapping DFF cells in module `\full_adder':

5. Executing OPT pass (performing simple optimizations).

5.1. Executing OPT_EXPR pass (perform const folding).
Optimizing module full_adder.

5.2. Executing OPT_MERGE pass (detect identical cells).
Finding identical cells in module `\full_adder'.
Removed a total of 0 cells.

5.3. Executing OPT_MUXTREE pass (detect dead branches in mux trees).
Running muxtree optimizer on module \full_adder..
  Creating internal representation of mux trees.
  No muxes found in this module.
Removed 0 multiplexer ports.

5.4. Executing OPT_REDUCE pass (consolidate $*mux and $reduce_* inputs).
  Optimizing cells in module \full_adder.
Performed a total of 0 changes.

5.5. Executing OPT_MERGE pass (detect identical cells).
Finding identical cells in module `\full_adder'.
Removed a total of 0 cells.

5.6. Executing OPT_DFF pass (perform DFF optimizations).

5.7. Executing OPT_CLEAN pass (remove unused cells and wires).
Finding unused cells or wires in module \full_adder..

5.8. Executing OPT_EXPR pass (perform const folding).
Optimizing module full_adder.

5.9. Finished OPT passes. (There is nothing left to do.)

6. Executing ABC pass (technology mapping using ABC).

6.1. Extracting gate netlist of module `\full_adder' to `<abc-temp-dir>/input.blif'..
Extracted 7 gates and 10 wires to a netlist network with 3 inputs and 2 outputs.

6.1.1. Executing ABC.
Running ABC command: "/usr/local/share/qflow/bin/yosys-abc" -s -f <abc-temp-dir>/abc.script 2>&1
ABC: ABC command line: "source <abc-temp-dir>/abc.script".
ABC: 
ABC: + read_blif <abc-temp-dir>/input.blif 
ABC: + read_lib -w /usr/local/share/qflow/tech/osu018/osu018_stdcells.lib 
ABC: Parsing finished successfully.  Parsing time =     0.00 sec
ABC: Scl_LibertyReadGenlib() skipped sequential cell "DFFNEGX1".
ABC: Scl_LibertyReadGenlib() skipped sequential cell "DFFPOSX1".
ABC: Scl_LibertyReadGenlib() skipped sequential cell "DFFSR".
ABC: Scl_LibertyReadGenlib() skipped sequential cell "LATCH".
ABC: Scl_LibertyReadGenlib() skipped three-state cell "TBUFX1".
ABC: Scl_LibertyReadGenlib() skipped three-state cell "TBUFX2".
ABC: Library "osu018_stdcells" from "/usr/local/share/qflow/tech/osu018/osu018_stdcells.lib" has 26 cells (6 skipped: 4 seq; 2 tri-state; 0 no func; 0 dont_use).  Time =     0.00 sec
ABC: Memory =    0.48 MB. Time =     0.00 sec
ABC: Warning: Detected 2 multi-output gates (for example, "FAX1").
ABC: + strash 
ABC: + scorr 
ABC: Warning: The network is combinational (run "fraig" or "fraig_sweep").
ABC: + ifraig 
ABC: + retime 
ABC: + strash 
ABC: + dch -f 
ABC: + map -M 1 
ABC: + write_blif <abc-temp-dir>/output.blif 

6.1.2. Re-integrating ABC results.
ABC RESULTS:            AND2X2 cells:        1
ABC RESULTS:            NOR2X1 cells:        1
ABC RESULTS:           OAI21X1 cells:        1
ABC RESULTS:             INVX1 cells:        1
ABC RESULTS:             OR2X2 cells:        1
ABC RESULTS:           NAND3X1 cells:        1
ABC RESULTS:           NAND2X1 cells:        2
ABC RESULTS:           AOI21X1 cells:        1
ABC RESULTS:        internal signals:        5
ABC RESULTS:           input signals:        3
ABC RESULTS:          output signals:        2
Removing temp directory.

7. Executing FLATTEN pass (flatten design).

8. Executing SETUNDEF pass (replace undef values with defined constants).
Removed 0 unused cells and 10 unused wires.

9. Executing IOPADMAP pass (mapping inputs/outputs to IO-PAD cells).
Mapping port full_adder.Cout using BUFX2.
Mapping port full_adder.S using BUFX2.
Don't map input port full_adder.a: Missing option -inpad.
Don't map input port full_adder.b: Missing option -inpad.
Don't map input port full_adder.cin: Missing option -inpad.

10. Executing OPT pass (performing simple optimizations).

10.1. Executing OPT_EXPR pass (perform const folding).
Optimizing module full_adder.

10.2. Executing OPT_MERGE pass (detect identical cells).
Finding identical cells in module `\full_adder'.
Removed a total of 0 cells.

10.3. Executing OPT_MUXTREE pass (detect dead branches in mux trees).
Running muxtree optimizer on module \full_adder..
  Creating internal representation of mux trees.
  No muxes found in this module.
Removed 0 multiplexer ports.

10.4. Executing OPT_REDUCE pass (consolidate $*mux and $reduce_* inputs).
  Optimizing cells in module \full_adder.
Performed a total of 0 changes.

10.5. Executing OPT_MERGE pass (detect identical cells).
Finding identical cells in module `\full_adder'.
Removed a total of 0 cells.

10.6. Executing OPT_DFF pass (perform DFF optimizations).

10.7. Executing OPT_CLEAN pass (remove unused cells and wires).
Finding unused cells or wires in module \full_adder..

10.8. Executing OPT_EXPR pass (perform const folding).
Optimizing module full_adder.

10.9. Finished OPT passes. (There is nothing left to do.)

11. Executing Verilog backend.

11.1. Executing BMUXMAP pass.

11.2. Executing DEMUXMAP pass.
Dumping module `\full_adder'.

12. Printing statistics.

=== full_adder ===

   Number of wires:                 14
   Number of wire bits:             14
   Number of public wires:          14
   Number of public wire bits:      14
   Number of memories:               0
   Number of memory bits:            0
   Number of processes:              0
   Number of cells:                 11
     AND2X2                          1
     AOI21X1                         1
     BUFX2                           2
     INVX1                           1
     NAND2X1                         2
     NAND3X1                         1
     NOR2X1                          1
     OAI21X1                         1
     OR2X2                           1

End of script. Logfile hash: 3b320ea149, CPU: user 0.09s system 0.01s, MEM: 13.12 MB peak
Yosys 0.33 (git sha1 2584903a060)
Time spent: 55% 2x abc (0 sec), 9% 17x opt_expr (0 sec), ...
Running getpowerground to determine power and ground net names.
getpowerground.tcl  /usr/local/share/qflow/tech/osu018/osu018_stdcells.lef
Running vlogFanout
vlogFanout -l 100 -c 20 -I full_adder_nofanout -s nullstring -p /usr/local/share/qflow/tech/osu018/osu018_stdcells.lib -b BUFX2,CLKBUF1 -i A,A -o Y,Y full_adder_mapped.v full_adder_sized.v

vlogFanout for qflow 1.4.104
Parsing library "osu018_stdcells"
End of library at line 6141
Lib Read:  Processed 6142 lines.
Top internal fanout is 2 (load 118.007) from node _0_,
driven by NAND2X1 with strength 58.3992 (fF driven at latency 100)
Top fanout load-to-strength ratio is 1.06166 (latency = 106.166 ps)
Top input node fanout is 4 (load 54.8911) from node cin.
0 gates exceed specified minimum load.
0 buffers were added.
Warning 1: load of 128.007 is 1.15163 times greater than strongest gate OR2X2
This warning will only be repeated for larger overload ratios.  Warning count reflects
the total number of overloaded nets.
0 gates were changed.

Gate counts by drive strength:

	"1" gates	In: 7    	Out: 7    	+0
	"2" gates	In: 4    	Out: 4    	+0

Number of gates changed: 0
Running vlog2Verilog for antenna cell mapping.
vlog2Verilog -c -p -v vdd -g gnd  -l /usr/local/share/qflow/tech/osu018/osu018_stdcells.lef 
   -o full_adder.v full_adder_sized.v

Generating RTL verilog and SPICE netlist file in directory
	 /home/shlok/vlsi_tools/adder_project
Files:
   Verilog: /home/shlok/vlsi_tools/adder_project/full_adder.rtl.v
   Verilog: /home/shlok/vlsi_tools/adder_project/full_adder.rtlnopwr.v
   Verilog: /home/shlok/vlsi_tools/adder_project/full_adder.rtlbb.v
   Spice:   /home/shlok/vlsi_tools/adder_project/full_adder.spc

Running vlog2Verilog.
vlog2Verilog -c -v vdd -g gnd  -l /usr/local/share/qflow/tech/osu018/osu018_stdcells.lef 
	-o full_adder.rtl.v
   full_adder.v
vlog2Verilog -c -p -v vdd -g gnd  -l /usr/local/share/qflow/tech/osu018/osu018_stdcells.lef 
	-o full_adder.rtlnopwr.v
   full_adder.v
/usr/local/share/qflow/bin/vlog2Verilog -c -p -b -n -v vdd -g gnd  -l /usr/local/share/qflow/tech/osu018/osu018_stdcells.lef
   -o full_adder.rtlbb.v
Running vlog2Spice.
vlog2Spice -i -l  /usr/local/share/qflow/tech/osu018/osu018_stdcells.sp -o full_adder.spc full_adder.rtl.v
Running spi2xspice.py
spi2xspice.py "/usr/local/share/qflow/tech/osu018/osu018_stdcells.lib" -io_time=1n -time=100p -idelay=10p -odelay=100p -cload=500f full_adder.spc full_adder.xspice

Synthesis script ended on Mon Jun 22 21:35:22 UTC 2026
