Qflow DRC logfile created on Mon Jun 22 21:35:26 UTC 2026
magic -dnull -noconsole  /home/shlok/vlsi_tools/adder_project/run_drc_full_adder.tcl

Magic 8.3 revision 105 - Compiled on Mon, 06 Dec 2021 22:32:27 +0200.
Starting magic under Tcl interpreter
Using the terminal as the console.
Using NULL graphics device.
Processing system .magicrc file
Input style lambda=0.10(p): scaleFactor=10, multiplier=1
Contact size value ignored (using GDS generation rules).
Contact size value ignored (using GDS generation rules).
Contact size value ignored (using GDS generation rules).
Contact size value ignored (using GDS generation rules).
Contact size value ignored (using GDS generation rules).
Contact size value ignored (using GDS generation rules).
Loading "/home/shlok/vlsi_tools/adder_project/run_drc_full_adder.tcl" from command line.
Reading LEF data from file /usr/local/share/qflow/tech/osu018/osu018_stdcells.lef.
This action cannot be undone.
LEF read, Line 16 (Message): Unknown keyword "OBS" in LEF file; ignoring.
LEF read, Line 17 (Message): Unknown keyword "PIN" in LEF file; ignoring.
LEF read: Processed 2941 lines.
Processing timestamp mismatches: AND2X2, OR2X2, FILL, NOR2X1, NAND2X1, BUFX2, AOI21X1, NAND3X1, INVX1, OAI21X1.
drc = 0
DRC checking script ended on Mon Jun 22 21:35:27 UTC 2026
