Qflow static timing analysis logfile created on Mon Jun 22 21:35:24 UTC 2026
Running vesta static timing analysis
vesta --long full_adder.rtlnopwr.v /usr/local/share/qflow/tech/osu018/osu018_stdcells.lib
----------------------------------------------
Vesta static timing analysis tool
for qflow 1.4.104
(c) 2013-2018 Tim Edwards, Open Circuit Design
----------------------------------------------

Parsing library "osu018_stdcells"
End of library at line 6141
Lib read /usr/local/share/qflow/tech/osu018/osu018_stdcells.lib:  Processed 6142 lines.
Parsing module "full_adder"
Verilog netlist read:  Processed 113 lines.
Number of paths analyzed:  0

Top 0 maximum delay paths:
-----------------------------------------

Number of paths analyzed:  0

Top 0 minimum delay paths:
Design meets minimum hold timing.
-----------------------------------------

Number of paths analyzed:  0

Top 0 maximum delay paths:
-----------------------------------------

Number of paths analyzed:  0

Top 0 minimum delay paths:
-----------------------------------------

